#
# There is insufficient memory for the Java Runtime Environment to continue.
# Native memory allocation (malloc) failed to allocate 656736 bytes for Chunk::new
# Possible reasons:
#   The system is out of physical RAM or swap space
#   The process is running with CompressedOops enabled, and the Java Heap may be blocking the growth of the native heap
# Possible solutions:
#   Reduce memory load on the system
#   Increase physical memory or swap space
#   Check if swap backing store is full
#   Decrease Java heap size (-Xmx/-Xms)
#   Decrease number of Java threads
#   Decrease Java thread stack sizes (-Xss)
#   Set larger code cache with -XX:ReservedCodeCacheSize=
#   JVM is running with Unscaled Compressed Oops mode in which the Java heap is
#     placed in the first 4GB address space. The Java Heap base address is the
#     maximum limit for the native heap growth. Please use -XX:HeapBaseMinAddress
#     to set the Java Heap base and to place the Java Heap above 4GB virtual address.
# This output file may be truncated or incomplete.
#
#  Out of Memory Error (arena.cpp:184), pid=24668, tid=12560
#
# JRE version: Java(TM) SE Runtime Environment (18.0.1+10) (build 18.0.1+10-24)
# Java VM: Java HotSpot(TM) 64-Bit Server VM (18.0.1+10-24, mixed mode, sharing, tiered, compressed oops, compressed class ptrs, g1 gc, windows-amd64)
# No core dump will be written. Minidumps are not enabled by default on client versions of Windows
#

---------------  S U M M A R Y ------------

Command Line: -javaagent:C:\Program Files\JetBrains\IntelliJ IDEA Community Edition 2022.2.1\lib\idea_rt.jar=59302:C:\Program Files\JetBrains\IntelliJ IDEA Community Edition 2022.2.1\bin -Dfile.encoding=UTF-8 -Dsun.stdout.encoding=UTF-8 -Dsun.stderr.encoding=UTF-8 elmteam.cest.rest.api.CestApplication

Host: AMD Ryzen 7 3700U with Radeon Vega Mobile Gfx  , 8 cores, 5G,  Windows 10 , 64 bit Build 19041 (10.0.19041.1706)
Time: Sun Oct 30 00:35:00 2022 Hora oficial do Brasil elapsed time: 7.707012 seconds (0d 0h 0m 7s)

---------------  T H R E A D  ---------------

Current thread (0x0000029a4afad1e0):  JavaThread "C2 CompilerThread0" daemon [_thread_in_native, id=12560, stack(0x000000bfcd800000,0x000000bfcd900000)]


Current CompileTask:
C2:   7707 4174   !   4       org.springframework.core.annotation.AnnotationsScanner::processMethodHierarchy (276 bytes)

Stack: [0x000000bfcd800000,0x000000bfcd900000]
Native frames: (J=compiled Java code, j=interpreted, Vv=VM code, C=native code)
V  [jvm.dll+0x69887a]
V  [jvm.dll+0x7f38bd]
V  [jvm.dll+0x7f51ce]
V  [jvm.dll+0x7f5883]
V  [jvm.dll+0x25ca3f]
V  [jvm.dll+0xb8c2f]
V  [jvm.dll+0xb8fa5]
V  [jvm.dll+0x2c794f]
V  [jvm.dll+0x5a05b0]
V  [jvm.dll+0x237f1e]
V  [jvm.dll+0x23122f]
V  [jvm.dll+0x22eeeb]
V  [jvm.dll+0x1b9cfc]
V  [jvm.dll+0x23e8ca]
V  [jvm.dll+0x23cbb5]
V  [jvm.dll+0x7a5fb1]
V  [jvm.dll+0x7a03ea]
V  [jvm.dll+0x697725]
C  [ucrtbase.dll+0x21bb2]
C  [KERNEL32.DLL+0x17034]
C  [ntdll.dll+0x52651]


---------------  P R O C E S S  ---------------

Threads class SMR info:
_java_thread_list=0x0000029a50b5b1f0, length=19, elements={
0x0000029a2e0d0920, 0x0000029a4af8e330, 0x0000029a4af8f870, 0x0000029a4afa3470,
0x0000029a4afa4e20, 0x0000029a4afa5f60, 0x0000029a4afa85f0, 0x0000029a4afad1e0,
0x0000029a4afaf370, 0x0000029a4afb2500, 0x0000029a4f44d950, 0x0000029a4f60db70,
0x0000029a4f60e030, 0x0000029a5073a040, 0x0000029a50f77440, 0x0000029a50ebecb0,
0x0000029a50570de0, 0x0000029a4fad3520, 0x0000029a4fad5200
}

Java Threads: ( => current thread )
  0x0000029a2e0d0920 JavaThread "main" [_thread_in_native, id=31812, stack(0x000000bfccb00000,0x000000bfccc00000)]
  0x0000029a4af8e330 JavaThread "Reference Handler" daemon [_thread_blocked, id=1944, stack(0x000000bfcd200000,0x000000bfcd300000)]
  0x0000029a4af8f870 JavaThread "Finalizer" daemon [_thread_blocked, id=28564, stack(0x000000bfcd300000,0x000000bfcd400000)]
  0x0000029a4afa3470 JavaThread "Signal Dispatcher" daemon [_thread_blocked, id=30632, stack(0x000000bfcd400000,0x000000bfcd500000)]
  0x0000029a4afa4e20 JavaThread "Attach Listener" daemon [_thread_blocked, id=33452, stack(0x000000bfcd500000,0x000000bfcd600000)]
  0x0000029a4afa5f60 JavaThread "Service Thread" daemon [_thread_blocked, id=12352, stack(0x000000bfcd600000,0x000000bfcd700000)]
  0x0000029a4afa85f0 JavaThread "Monitor Deflation Thread" daemon [_thread_blocked, id=22104, stack(0x000000bfcd700000,0x000000bfcd800000)]
=>0x0000029a4afad1e0 JavaThread "C2 CompilerThread0" daemon [_thread_in_native, id=12560, stack(0x000000bfcd800000,0x000000bfcd900000)]
  0x0000029a4afaf370 JavaThread "C1 CompilerThread0" daemon [_thread_blocked, id=23052, stack(0x000000bfcd900000,0x000000bfcda00000)]
  0x0000029a4afb2500 JavaThread "Sweeper thread" daemon [_thread_blocked, id=35584, stack(0x000000bfcda00000,0x000000bfcdb00000)]
  0x0000029a4f44d950 JavaThread "Common-Cleaner" daemon [_thread_blocked, id=34664, stack(0x000000bfcdb00000,0x000000bfcdc00000)]
  0x0000029a4f60db70 JavaThread "Monitor Ctrl-Break" daemon [_thread_in_native, id=29312, stack(0x000000bfcdc00000,0x000000bfcdd00000)]
  0x0000029a4f60e030 JavaThread "Notification Thread" daemon [_thread_blocked, id=35024, stack(0x000000bfcdd00000,0x000000bfcde00000)]
  0x0000029a5073a040 JavaThread "Catalina-utility-1" [_thread_blocked, id=35076, stack(0x000000bfce700000,0x000000bfce800000)]
  0x0000029a50f77440 JavaThread "Catalina-utility-2" [_thread_blocked, id=3136, stack(0x000000bfce800000,0x000000bfce900000)]
  0x0000029a50ebecb0 JavaThread "container-0" [_thread_blocked, id=23684, stack(0x000000bfce900000,0x000000bfcea00000)]
  0x0000029a50570de0 JavaThread "mysql-cj-abandoned-connection-cleanup" daemon [_thread_blocked, id=32560, stack(0x000000bfcea00000,0x000000bfceb00000)]
  0x0000029a4fad3520 JavaThread "elmteam housekeeper" daemon [_thread_blocked, id=12240, stack(0x000000bfcec00000,0x000000bfced00000)]
  0x0000029a4fad5200 JavaThread "elmteam connection adder" daemon [_thread_blocked, id=26144, stack(0x000000bfced00000,0x000000bfcee00000)]

Other Threads:
  0x0000029a2e13c350 VMThread "VM Thread" [stack: 0x000000bfcd100000,0x000000bfcd200000] [id=29216]
  0x0000029a4f62ac30 WatcherThread "VM Periodic Task Thread" [stack: 0x000000bfcde00000,0x000000bfcdf00000] [id=16992]
  0x0000029a2e122660 WorkerThread "GC Thread#0" [stack: 0x000000bfccc00000,0x000000bfccd00000] [id=29080]
  0x0000029a4ff8d050 WorkerThread "GC Thread#1" [stack: 0x000000bfcdf00000,0x000000bfce000000] [id=22940]
  0x0000029a4ffb37c0 WorkerThread "GC Thread#2" [stack: 0x000000bfce000000,0x000000bfce100000] [id=30052]
  0x0000029a4ffb3a60 WorkerThread "GC Thread#3" [stack: 0x000000bfce100000,0x000000bfce200000] [id=35052]
  0x0000029a4ffb6110 WorkerThread "GC Thread#4" [stack: 0x000000bfce200000,0x000000bfce300000] [id=17048]
  0x0000029a4ffb63b0 WorkerThread "GC Thread#5" [stack: 0x000000bfce300000,0x000000bfce400000] [id=22120]
  0x0000029a4ffb6650 WorkerThread "GC Thread#6" [stack: 0x000000bfce400000,0x000000bfce500000] [id=10676]
  0x0000029a4ffb68f0 WorkerThread "GC Thread#7" [stack: 0x000000bfce500000,0x000000bfce600000] [id=30268]
  0x0000029a2bf4cf70 ConcurrentGCThread "G1 Main Marker" [stack: 0x000000bfccd00000,0x000000bfcce00000] [id=14968]
  0x0000029a2bf4e100 WorkerThread "G1 Conc#0" [stack: 0x000000bfcce00000,0x000000bfccf00000] [id=14196]
  0x0000029a507460d0 WorkerThread "G1 Conc#1" [stack: 0x000000bfce600000,0x000000bfce700000] [id=1920]
  0x0000029a2e1733d0 ConcurrentGCThread "G1 Refine#0" [stack: 0x000000bfccf00000,0x000000bfcd000000] [id=3972]
  0x0000029a2e173ce0 ConcurrentGCThread "G1 Service" [stack: 0x000000bfcd000000,0x000000bfcd100000] [id=11320]

Threads with active compile tasks:
C2 CompilerThread0     7773 4174   !   4       org.springframework.core.annotation.AnnotationsScanner::processMethodHierarchy (276 bytes)

VM state: not at safepoint (normal execution)

VM Mutex/Monitor currently owned by a thread: None

Heap address: 0x00000000a0e00000, size: 1522 MB, Compressed Oops mode: 32-bit

CDS archive(s) mapped at: [0x0000000800000000-0x0000000800ba0000-0x0000000800ba0000), size 12189696, SharedBaseAddress: 0x0000000800000000, ArchiveRelocationMode: 0.
Compressed class space mapped at: 0x0000000800c00000-0x0000000840c00000, reserved size: 1073741824
Narrow klass base: 0x0000000800000000, Narrow klass shift: 0, Narrow klass range: 0x100000000

GC Precious Log:
 CardTable entry size: 512
 Card Set container configuration: InlinePtr #cards 5 size 8 Array Of Cards #cards 12 size 40 Howl #buckets 4 coarsen threshold 1843 Howl Bitmap #cards 512 size 80 coarsen threshold 460 Card regions per heap region 1 cards per card region 2048
 CPUs: 8 total, 8 available
 Memory: 6081M
 Large Page Support: Disabled
 NUMA Support: Disabled
 Compressed Oops: Enabled (32-bit)
 Heap Region Size: 1M
 Heap Min Capacity: 8M
 Heap Initial Capacity: 96M
 Heap Max Capacity: 1522M
 Pre-touch: Disabled
 Parallel Workers: 8
 Concurrent Workers: 2
 Concurrent Refinement Workers: 8
 Periodic GC: Disabled

Heap:
 garbage-first heap   total 48128K, used 23380K [0x00000000a0e00000, 0x0000000100000000)
  region size 1024K, 5 young (5120K), 3 survivors (3072K)
 Metaspace       used 47536K, committed 48000K, reserved 1114112K
  class space    used 6303K, committed 6528K, reserved 1048576K

Heap Regions: E=young(eden), S=young(survivor), O=old, HS=humongous(starts), HC=humongous(continues), CS=collection set, F=free, OA=open archive, CA=closed archive, TAMS=top-at-mark-start (previous, next)
|   0|0x00000000a0e00000, 0x00000000a0f00000, 0x00000000a0f00000|100%|HS|  |TAMS 0x00000000a0f00000, 0x00000000a0e00000| Complete 
|   1|0x00000000a0f00000, 0x00000000a1000000, 0x00000000a1000000|100%| O|  |TAMS 0x00000000a1000000, 0x00000000a0f00000| Untracked 
|   2|0x00000000a1000000, 0x00000000a1100000, 0x00000000a1100000|100%| O|  |TAMS 0x00000000a1100000, 0x00000000a1000000| Untracked 
|   3|0x00000000a1100000, 0x00000000a1200000, 0x00000000a1200000|100%| O|  |TAMS 0x00000000a1200000, 0x00000000a1100000| Untracked 
|   4|0x00000000a1200000, 0x00000000a1300000, 0x00000000a1300000|100%| O|  |TAMS 0x00000000a1300000, 0x00000000a1200000| Untracked 
|   5|0x00000000a1300000, 0x00000000a1400000, 0x00000000a1400000|100%| O|  |TAMS 0x00000000a1400000, 0x00000000a1300000| Untracked 
|   6|0x00000000a1400000, 0x00000000a1500000, 0x00000000a1500000|100%| O|  |TAMS 0x00000000a1500000, 0x00000000a1400000| Untracked 
|   7|0x00000000a1500000, 0x00000000a1600000, 0x00000000a1600000|100%| O|  |TAMS 0x00000000a1500000, 0x00000000a1500000| Untracked 
|   8|0x00000000a1600000, 0x00000000a1700000, 0x00000000a1700000|100%| O|  |TAMS 0x00000000a1700000, 0x00000000a1600000| Untracked 
|   9|0x00000000a1700000, 0x00000000a1800000, 0x00000000a1800000|100%| O|  |TAMS 0x00000000a1800000, 0x00000000a1700000| Untracked 
|  10|0x00000000a1800000, 0x00000000a1900000, 0x00000000a1900000|100%| O|  |TAMS 0x00000000a1900000, 0x00000000a1800000| Untracked 
|  11|0x00000000a1900000, 0x00000000a1a00000, 0x00000000a1a00000|100%| O|  |TAMS 0x00000000a1a00000, 0x00000000a1900000| Untracked 
|  12|0x00000000a1a00000, 0x00000000a1b00000, 0x00000000a1b00000|100%| O|  |TAMS 0x00000000a1b00000, 0x00000000a1a00000| Untracked 
|  13|0x00000000a1b00000, 0x00000000a1c00000, 0x00000000a1c00000|100%| O|  |TAMS 0x00000000a1c00000, 0x00000000a1b00000| Untracked 
|  14|0x00000000a1c00000, 0x00000000a1d00000, 0x00000000a1d00000|100%| O|  |TAMS 0x00000000a1d00000, 0x00000000a1c00000| Untracked 
|  15|0x00000000a1d00000, 0x00000000a1e00000, 0x00000000a1e00000|100%| O|  |TAMS 0x00000000a1dc6400, 0x00000000a1d00000| Untracked 
|  16|0x00000000a1e00000, 0x00000000a1f00000, 0x00000000a1f00000|100%| O|  |TAMS 0x00000000a1e00000, 0x00000000a1e00000| Untracked 
|  17|0x00000000a1f00000, 0x00000000a2000000, 0x00000000a2000000|100%| O|  |TAMS 0x00000000a1f00000, 0x00000000a1f00000| Untracked 
|  18|0x00000000a2000000, 0x00000000a20d5200, 0x00000000a2100000| 83%| O|  |TAMS 0x00000000a2000000, 0x00000000a2000000| Untracked 
|  19|0x00000000a2100000, 0x00000000a2100000, 0x00000000a2200000|  0%| F|  |TAMS 0x00000000a2100000, 0x00000000a2100000| Untracked 
|  20|0x00000000a2200000, 0x00000000a2200000, 0x00000000a2300000|  0%| F|  |TAMS 0x00000000a2200000, 0x00000000a2200000| Untracked 
|  21|0x00000000a2300000, 0x00000000a2300000, 0x00000000a2400000|  0%| F|  |TAMS 0x00000000a2300000, 0x00000000a2300000| Untracked 
|  22|0x00000000a2400000, 0x00000000a2400000, 0x00000000a2500000|  0%| F|  |TAMS 0x00000000a2400000, 0x00000000a2400000| Untracked 
|  23|0x00000000a2500000, 0x00000000a2500000, 0x00000000a2600000|  0%| F|  |TAMS 0x00000000a2500000, 0x00000000a2500000| Untracked 
|  24|0x00000000a2600000, 0x00000000a2600000, 0x00000000a2700000|  0%| F|  |TAMS 0x00000000a2600000, 0x00000000a2600000| Untracked 
|  25|0x00000000a2700000, 0x00000000a2800000, 0x00000000a2800000|100%| S|CS|TAMS 0x00000000a2700000, 0x00000000a2700000| Complete 
|  26|0x00000000a2800000, 0x00000000a2900000, 0x00000000a2900000|100%| S|CS|TAMS 0x00000000a2800000, 0x00000000a2800000| Complete 
|  27|0x00000000a2900000, 0x00000000a2900000, 0x00000000a2a00000|  0%| F|  |TAMS 0x00000000a2900000, 0x00000000a2900000| Untracked 
|  28|0x00000000a2a00000, 0x00000000a2a00000, 0x00000000a2b00000|  0%| F|  |TAMS 0x00000000a2a00000, 0x00000000a2a00000| Untracked 
|  29|0x00000000a2b00000, 0x00000000a2b00000, 0x00000000a2c00000|  0%| F|  |TAMS 0x00000000a2b00000, 0x00000000a2b00000| Untracked 
|  30|0x00000000a2c00000, 0x00000000a2d00000, 0x00000000a2d00000|100%| S|CS|TAMS 0x00000000a2c00000, 0x00000000a2c00000| Complete 
|  31|0x00000000a2d00000, 0x00000000a2d00000, 0x00000000a2e00000|  0%| F|  |TAMS 0x00000000a2d00000, 0x00000000a2d00000| Untracked 
|  32|0x00000000a2e00000, 0x00000000a2e00000, 0x00000000a2f00000|  0%| F|  |TAMS 0x00000000a2e00000, 0x00000000a2e00000| Untracked 
|  33|0x00000000a2f00000, 0x00000000a2f00000, 0x00000000a3000000|  0%| F|  |TAMS 0x00000000a2f00000, 0x00000000a2f00000| Untracked 
|  34|0x00000000a3000000, 0x00000000a3000000, 0x00000000a3100000|  0%| F|  |TAMS 0x00000000a3000000, 0x00000000a3000000| Untracked 
|  35|0x00000000a3100000, 0x00000000a3100000, 0x00000000a3200000|  0%| F|  |TAMS 0x00000000a3100000, 0x00000000a3100000| Untracked 
|  36|0x00000000a3200000, 0x00000000a3200000, 0x00000000a3300000|  0%| F|  |TAMS 0x00000000a3200000, 0x00000000a3200000| Untracked 
|  37|0x00000000a3300000, 0x00000000a3300000, 0x00000000a3400000|  0%| F|  |TAMS 0x00000000a3300000, 0x00000000a3300000| Untracked 
|  38|0x00000000a3400000, 0x00000000a3400000, 0x00000000a3500000|  0%| F|  |TAMS 0x00000000a3400000, 0x00000000a3400000| Untracked 
|  39|0x00000000a3500000, 0x00000000a3500000, 0x00000000a3600000|  0%| F|  |TAMS 0x00000000a3500000, 0x00000000a3500000| Untracked 
|  40|0x00000000a3600000, 0x00000000a3600000, 0x00000000a3700000|  0%| F|  |TAMS 0x00000000a3600000, 0x00000000a3600000| Untracked 
|  41|0x00000000a3700000, 0x00000000a3700000, 0x00000000a3800000|  0%| F|  |TAMS 0x00000000a3700000, 0x00000000a3700000| Untracked 
|  42|0x00000000a3800000, 0x00000000a3800000, 0x00000000a3900000|  0%| F|  |TAMS 0x00000000a3800000, 0x00000000a3800000| Untracked 
|  43|0x00000000a3900000, 0x00000000a3900000, 0x00000000a3a00000|  0%| F|  |TAMS 0x00000000a3900000, 0x00000000a3900000| Untracked 
|  44|0x00000000a3a00000, 0x00000000a3a00000, 0x00000000a3b00000|  0%| F|  |TAMS 0x00000000a3a00000, 0x00000000a3a00000| Untracked 
|  45|0x00000000a3b00000, 0x00000000a3beebd0, 0x00000000a3c00000| 93%| E|  |TAMS 0x00000000a3b00000, 0x00000000a3b00000| Complete 
|  95|0x00000000a6d00000, 0x00000000a6e00000, 0x00000000a6e00000|100%| E|CS|TAMS 0x00000000a6d00000, 0x00000000a6d00000| Complete 

Card table byte_map: [0x0000029a45030000,0x0000029a45330000] _byte_map_base: 0x0000029a44b29000

Marking Bits (Prev, Next): (CMBitMap*) 0x0000029a2e123c70, (CMBitMap*) 0x0000029a2e123cb0
 Prev Bits: [0x0000029a45630000, 0x0000029a46df8000)
 Next Bits: [0x0000029a46e00000, 0x0000029a485c8000)

Polling page: 0x0000029a2c070000

Metaspace:

Usage:
  Non-class:     40.28 MB used.
      Class:      6.16 MB used.
       Both:     46.43 MB used.

Virtual space:
  Non-class space:       64.00 MB reserved,      40.50 MB ( 63%) committed,  1 nodes.
      Class space:        1.00 GB reserved,       6.38 MB ( <1%) committed,  1 nodes.
             Both:        1.06 GB reserved,      46.88 MB (  4%) committed. 

Chunk freelists:
   Non-Class:  3.16 MB
       Class:  1.60 MB
        Both:  4.76 MB

MaxMetaspaceSize: unlimited
CompressedClassSpaceSize: 1.00 GB
Initial GC threshold: 21.00 MB
Current GC threshold: 58.69 MB
CDS: on
MetaspaceReclaimPolicy: balanced
 - commit_granule_bytes: 65536.
 - commit_granule_words: 8192.
 - virtual_space_node_default_size: 8388608.
 - enlarge_chunks_in_place: 1.
 - new_chunks_are_fully_committed: 0.
 - uncommit_free_chunks: 1.
 - use_allocation_guard: 0.


Internal statistics:

num_allocs_failed_limit: 6.
num_arena_births: 472.
num_arena_deaths: 0.
num_vsnodes_births: 2.
num_vsnodes_deaths: 0.
num_space_committed: 750.
num_space_uncommitted: 0.
num_chunks_returned_to_freelist: 6.
num_chunks_taken_from_freelist: 2162.
num_chunk_merges: 6.
num_chunk_splits: 1571.
num_chunks_enlarged: 1299.
num_inconsistent_stats: 0.

CodeHeap 'non-profiled nmethods': size=120000Kb used=2085Kb max_used=2085Kb free=117915Kb
 bounds [0x0000029a3d4d0000, 0x0000029a3d740000, 0x0000029a44a00000]
CodeHeap 'profiled nmethods': size=120000Kb used=9462Kb max_used=9462Kb free=110537Kb
 bounds [0x0000029a35fa0000, 0x0000029a368e0000, 0x0000029a3d4d0000]
CodeHeap 'non-nmethods': size=5760Kb used=1283Kb max_used=1314Kb free=4476Kb
 bounds [0x0000029a35a00000, 0x0000029a35c70000, 0x0000029a35fa0000]
 total_blobs=4844 nmethods=4252 adapters=503
 compilation: enabled
              stopped_count=0, restarted_count=0
 full_count=0

Compilation events (20 events):
Event: 7.594 Thread 0x0000029a4afaf370 4277       1       org.springframework.beans.PropertyEditorRegistrySupport::setConversionService (6 bytes)
Event: 7.594 Thread 0x0000029a4afaf370 nmethod 4277 0x0000029a3d6d0e10 code [0x0000029a3d6d0fa0, 0x0000029a3d6d10b8]
Event: 7.597 Thread 0x0000029a4afaf370 4278       2       org.springframework.boot.context.properties.source.SpringIterableConfigurationPropertySource::getConfigurationPropertyNames (53 bytes)
Event: 7.599 Thread 0x0000029a4afaf370 nmethod 4278 0x0000029a368d7910 code [0x0000029a368d7b80, 0x0000029a368d8248]
Event: 7.599 Thread 0x0000029a4afaf370 4280       2       java.lang.invoke.Invokers$Holder::linkToTargetMethod (13 bytes)
Event: 7.599 Thread 0x0000029a4afaf370 nmethod 4280 0x0000029a368d8710 code [0x0000029a368d88c0, 0x0000029a368d8a38]
Event: 7.599 Thread 0x0000029a4afaf370 4281   !   2       jdk.proxy2.$Proxy44::annotationType (29 bytes)
Event: 7.599 Thread 0x0000029a4afaf370 nmethod 4281 0x0000029a368d8b10 code [0x0000029a368d8cc0, 0x0000029a368d8f38]
Event: 7.600 Thread 0x0000029a4afaf370 4282       1       org.springframework.web.context.support.GenericWebApplicationContext::getServletContext (5 bytes)
Event: 7.600 Thread 0x0000029a4afaf370 nmethod 4282 0x0000029a3d6d1110 code [0x0000029a3d6d12a0, 0x0000029a3d6d1378]
Event: 7.604 Thread 0x0000029a4afaf370 4283       2       org.springframework.util.ReflectionUtils::makeAccessible (36 bytes)
Event: 7.604 Thread 0x0000029a4afaf370 nmethod 4283 0x0000029a368d9090 code [0x0000029a368d9240, 0x0000029a368d93f8]
Event: 7.609 Thread 0x0000029a4afaf370 4284       2       org.springframework.util.ReflectionUtils::getAllDeclaredMethods (38 bytes)
Event: 7.610 Thread 0x0000029a4afaf370 nmethod 4284 0x0000029a368d9510 code [0x0000029a368d96e0, 0x0000029a368d9998]
Event: 7.630 Thread 0x0000029a4afad1e0 nmethod 4177 0x0000029a3d6d1710 code [0x0000029a3d6d1c80, 0x0000029a3d6d5b88]
Event: 7.631 Thread 0x0000029a4afad1e0 4174   !   4       org.springframework.core.annotation.AnnotationsScanner::processMethodHierarchy (276 bytes)
Event: 7.632 Thread 0x0000029a4afaf370 4286       2       org.springframework.beans.factory.support.DefaultListableBeanFactory::findAnnotationOnBean (8 bytes)
Event: 7.633 Thread 0x0000029a4afaf370 nmethod 4286 0x0000029a368d9b90 code [0x0000029a368d9d80, 0x0000029a368da198]
Event: 7.634 Thread 0x0000029a4afaf370 4287       2       org.springframework.aop.scope.ScopedProxyUtils::isScopedTarget (19 bytes)
Event: 7.634 Thread 0x0000029a4afaf370 nmethod 4287 0x0000029a368da410 code [0x0000029a368da5a0, 0x0000029a368da6e8]

GC Heap History (20 events):
Event: 1.234 GC heap before
{Heap before GC invocations=0 (full 0):
 garbage-first heap   total 98304K, used 23552K [0x00000000a0e00000, 0x0000000100000000)
  region size 1024K, 23 young (23552K), 0 survivors (0K)
 Metaspace       used 6341K, committed 6592K, reserved 1114112K
  class space    used 713K, committed 832K, reserved 1048576K
}
Event: 1.247 GC heap after
{Heap after GC invocations=1 (full 0):
 garbage-first heap   total 98304K, used 7336K [0x00000000a0e00000, 0x0000000100000000)
  region size 1024K, 3 young (3072K), 3 survivors (3072K)
 Metaspace       used 6341K, committed 6592K, reserved 1114112K
  class space    used 713K, committed 832K, reserved 1048576K
}
Event: 2.034 GC heap before
{Heap before GC invocations=1 (full 0):
 garbage-first heap   total 98304K, used 30888K [0x00000000a0e00000, 0x0000000100000000)
  region size 1024K, 27 young (27648K), 3 survivors (3072K)
 Metaspace       used 13070K, committed 13312K, reserved 1114112K
  class space    used 1543K, committed 1664K, reserved 1048576K
}
Event: 2.040 GC heap after
{Heap after GC invocations=2 (full 0):
 garbage-first heap   total 98304K, used 9115K [0x00000000a0e00000, 0x0000000100000000)
  region size 1024K, 2 young (2048K), 2 survivors (2048K)
 Metaspace       used 13070K, committed 13312K, reserved 1114112K
  class space    used 1543K, committed 1664K, reserved 1048576K
}
Event: 3.549 GC heap before
{Heap before GC invocations=2 (full 0):
 garbage-first heap   total 98304K, used 56219K [0x00000000a0e00000, 0x0000000100000000)
  region size 1024K, 50 young (51200K), 2 survivors (2048K)
 Metaspace       used 21245K, committed 21504K, reserved 1114112K
  class space    used 2589K, committed 2752K, reserved 1048576K
}
Event: 3.560 GC heap after
{Heap after GC invocations=3 (full 0):
 garbage-first heap   total 98304K, used 12658K [0x00000000a0e00000, 0x0000000100000000)
  region size 1024K, 5 young (5120K), 5 survivors (5120K)
 Metaspace       used 21245K, committed 21504K, reserved 1114112K
  class space    used 2589K, committed 2752K, reserved 1048576K
}
Event: 4.547 GC heap before
{Heap before GC invocations=4 (full 0):
 garbage-first heap   total 48128K, used 36210K [0x00000000a0e00000, 0x0000000100000000)
  region size 1024K, 28 young (28672K), 5 survivors (5120K)
 Metaspace       used 26330K, committed 26624K, reserved 1114112K
  class space    used 3241K, committed 3392K, reserved 1048576K
}
Event: 4.554 GC heap after
{Heap after GC invocations=5 (full 0):
 garbage-first heap   total 48128K, used 15254K [0x00000000a0e00000, 0x0000000100000000)
  region size 1024K, 3 young (3072K), 3 survivors (3072K)
 Metaspace       used 26330K, committed 26624K, reserved 1114112K
  class space    used 3241K, committed 3392K, reserved 1048576K
}
Event: 4.573 GC heap before
{Heap before GC invocations=5 (full 0):
 garbage-first heap   total 48128K, used 16278K [0x00000000a0e00000, 0x0000000100000000)
  region size 1024K, 4 young (4096K), 3 survivors (3072K)
 Metaspace       used 26424K, committed 26752K, reserved 1114112K
  class space    used 3258K, committed 3392K, reserved 1048576K
}
Event: 4.576 GC heap after
{Heap after GC invocations=6 (full 0):
 garbage-first heap   total 48128K, used 15712K [0x00000000a0e00000, 0x0000000100000000)
  region size 1024K, 1 young (1024K), 1 survivors (1024K)
 Metaspace       used 26424K, committed 26752K, reserved 1114112K
  class space    used 3258K, committed 3392K, reserved 1048576K
}
Event: 5.160 GC heap before
{Heap before GC invocations=6 (full 0):
 garbage-first heap   total 48128K, used 33120K [0x00000000a0e00000, 0x0000000100000000)
  region size 1024K, 19 young (19456K), 1 survivors (1024K)
 Metaspace       used 30787K, committed 31104K, reserved 1114112K
  class space    used 3898K, committed 4032K, reserved 1048576K
}
Event: 5.162 GC heap after
{Heap after GC invocations=7 (full 0):
 garbage-first heap   total 48128K, used 16211K [0x00000000a0e00000, 0x0000000100000000)
  region size 1024K, 2 young (2048K), 2 survivors (2048K)
 Metaspace       used 30787K, committed 31104K, reserved 1114112K
  class space    used 3898K, committed 4032K, reserved 1048576K
}
Event: 5.950 GC heap before
{Heap before GC invocations=7 (full 0):
 garbage-first heap   total 48128K, used 29523K [0x00000000a0e00000, 0x0000000100000000)
  region size 1024K, 17 young (17408K), 2 survivors (2048K)
 Metaspace       used 35659K, committed 35968K, reserved 1114112K
  class space    used 4582K, committed 4736K, reserved 1048576K
}
Event: 5.953 GC heap after
{Heap after GC invocations=8 (full 0):
 garbage-first heap   total 48128K, used 17777K [0x00000000a0e00000, 0x0000000100000000)
  region size 1024K, 3 young (3072K), 3 survivors (3072K)
 Metaspace       used 35659K, committed 35968K, reserved 1114112K
  class space    used 4582K, committed 4736K, reserved 1048576K
}
Event: 6.570 GC heap before
{Heap before GC invocations=9 (full 0):
 garbage-first heap   total 48128K, used 34161K [0x00000000a0e00000, 0x0000000100000000)
  region size 1024K, 20 young (20480K), 3 survivors (3072K)
 Metaspace       used 40567K, committed 40896K, reserved 1114112K
  class space    used 5311K, committed 5440K, reserved 1048576K
}
Event: 6.575 GC heap after
{Heap after GC invocations=10 (full 0):
 garbage-first heap   total 48128K, used 19239K [0x00000000a0e00000, 0x0000000100000000)
  region size 1024K, 3 young (3072K), 3 survivors (3072K)
 Metaspace       used 40567K, committed 40896K, reserved 1114112K
  class space    used 5311K, committed 5440K, reserved 1048576K
}
Event: 7.141 GC heap before
{Heap before GC invocations=10 (full 0):
 garbage-first heap   total 48128K, used 35623K [0x00000000a0e00000, 0x0000000100000000)
  region size 1024K, 20 young (20480K), 3 survivors (3072K)
 Metaspace       used 44797K, committed 45120K, reserved 1114112K
  class space    used 5902K, committed 6016K, reserved 1048576K
}
Event: 7.145 GC heap after
{Heap after GC invocations=11 (full 0):
 garbage-first heap   total 48128K, used 20550K [0x00000000a0e00000, 0x0000000100000000)
  region size 1024K, 3 young (3072K), 3 survivors (3072K)
 Metaspace       used 44797K, committed 45120K, reserved 1114112K
  class space    used 5902K, committed 6016K, reserved 1048576K
}
Event: 7.678 GC heap before
{Heap before GC invocations=11 (full 0):
 garbage-first heap   total 48128K, used 35910K [0x00000000a0e00000, 0x0000000100000000)
  region size 1024K, 19 young (19456K), 3 survivors (3072K)
 Metaspace       used 47210K, committed 47616K, reserved 1114112K
  class space    used 6257K, committed 6464K, reserved 1048576K
}
Event: 7.684 GC heap after
{Heap after GC invocations=12 (full 0):
 garbage-first heap   total 48128K, used 22356K [0x00000000a0e00000, 0x0000000100000000)
  region size 1024K, 3 young (3072K), 3 survivors (3072K)
 Metaspace       used 47210K, committed 47616K, reserved 1114112K
  class space    used 6257K, committed 6464K, reserved 1048576K
}

Deoptimization events (20 events):
Event: 7.190 Thread 0x0000029a2e0d0920 DEOPT PACKING pc=0x0000029a3d601f44 sp=0x000000bfccbfddc0
Event: 7.190 Thread 0x0000029a2e0d0920 DEOPT UNPACKING pc=0x0000029a35a523a3 sp=0x000000bfccbfdbf8 mode 2
Event: 7.224 Thread 0x0000029a2e0d0920 Uncommon trap: trap_request=0xffffff54 fr.pc=0x0000029a3d54d378 relative=0x0000000000000238
Event: 7.224 Thread 0x0000029a2e0d0920 Uncommon trap: reason=speculate_null_assert action=make_not_entrant pc=0x0000029a3d54d378 method=org.springframework.util.ConcurrentReferenceHashMap$Segment.restructureIfNecessary(Z)V @ 41 c2
Event: 7.224 Thread 0x0000029a2e0d0920 DEOPT PACKING pc=0x0000029a3d54d378 sp=0x000000bfccbfcb80
Event: 7.224 Thread 0x0000029a2e0d0920 DEOPT UNPACKING pc=0x0000029a35a523a3 sp=0x000000bfccbfcb48 mode 2
Event: 7.299 Thread 0x0000029a2e0d0920 DEOPT PACKING pc=0x0000029a3621c9a3 sp=0x000000bfccbfc260
Event: 7.299 Thread 0x0000029a2e0d0920 DEOPT UNPACKING pc=0x0000029a35a52b43 sp=0x000000bfccbfb6d0 mode 0
Event: 7.336 Thread 0x0000029a2e0d0920 Uncommon trap: trap_request=0xffffff45 fr.pc=0x0000029a3d61a868 relative=0x0000000000000da8
Event: 7.336 Thread 0x0000029a2e0d0920 Uncommon trap: reason=unstable_if action=reinterpret pc=0x0000029a3d61a868 method=java.util.concurrent.ConcurrentHashMap.putVal(Ljava/lang/Object;Ljava/lang/Object;Z)Ljava/lang/Object; @ 401 c2
Event: 7.336 Thread 0x0000029a2e0d0920 DEOPT PACKING pc=0x0000029a3d61a868 sp=0x000000bfccbfdaf0
Event: 7.336 Thread 0x0000029a2e0d0920 DEOPT UNPACKING pc=0x0000029a35a523a3 sp=0x000000bfccbfda80 mode 2
Event: 7.386 Thread 0x0000029a2e0d0920 Uncommon trap: trap_request=0xffffff45 fr.pc=0x0000029a3d55be24 relative=0x00000000000013e4
Event: 7.386 Thread 0x0000029a2e0d0920 Uncommon trap: reason=unstable_if action=reinterpret pc=0x0000029a3d55be24 method=java.util.concurrent.ConcurrentHashMap.transfer([Ljava/util/concurrent/ConcurrentHashMap$Node;[Ljava/util/concurrent/ConcurrentHashMap$Node;)V @ 352 c2
Event: 7.386 Thread 0x0000029a2e0d0920 DEOPT PACKING pc=0x0000029a3d55be24 sp=0x000000bfccbfe470
Event: 7.386 Thread 0x0000029a2e0d0920 DEOPT UNPACKING pc=0x0000029a35a523a3 sp=0x000000bfccbfe3d8 mode 2
Event: 7.570 Thread 0x0000029a2e0d0920 Uncommon trap: trap_request=0xffffff45 fr.pc=0x0000029a3d62a164 relative=0x0000000000000244
Event: 7.570 Thread 0x0000029a2e0d0920 Uncommon trap: reason=unstable_if action=reinterpret pc=0x0000029a3d62a164 method=java.util.concurrent.ConcurrentHashMap.get(Ljava/lang/Object;)Ljava/lang/Object; @ 86 c2
Event: 7.570 Thread 0x0000029a2e0d0920 DEOPT PACKING pc=0x0000029a3d62a164 sp=0x000000bfccbfb740
Event: 7.570 Thread 0x0000029a2e0d0920 DEOPT UNPACKING pc=0x0000029a35a523a3 sp=0x000000bfccbfb6a8 mode 2

Classes loaded (20 events):
Event: 7.304 Loading class java/lang/Package$1PackageInfoProxy
Event: 7.304 Loading class java/lang/Package$1PackageInfoProxy done
Event: 7.337 Loading class java/util/concurrent/ConcurrentHashMap$TreeNode
Event: 7.337 Loading class java/util/concurrent/ConcurrentHashMap$TreeNode done
Event: 7.337 Loading class java/util/concurrent/ConcurrentHashMap$TreeBin
Event: 7.337 Loading class java/util/concurrent/ConcurrentHashMap$TreeBin done
Event: 7.394 Loading class java/lang/ObjectCustomizer
Event: 7.394 Loading class java/lang/ObjectCustomizer done
Event: 7.394 Loading class java/lang/ObjectCustomizer
Event: 7.394 Loading class java/lang/ObjectCustomizer done
Event: 7.473 Loading class java/util/concurrent/Flow$Publisher
Event: 7.473 Loading class java/util/concurrent/Flow$Publisher done
Event: 7.514 Loading class java/util/EnumMap$EntrySet
Event: 7.514 Loading class java/util/EnumMap$EntrySet done
Event: 7.514 Loading class java/util/EnumMap$EntryIterator
Event: 7.514 Loading class java/util/EnumMap$EnumMapIterator
Event: 7.514 Loading class java/util/EnumMap$EnumMapIterator done
Event: 7.514 Loading class java/util/EnumMap$EntryIterator done
Event: 7.549 Loading class java/lang/reflect/MalformedParametersException
Event: 7.550 Loading class java/lang/reflect/MalformedParametersException done

Classes unloaded (0 events):
No events

Classes redefined (0 events):
No events

Internal exceptions (20 events):
Event: 6.973 Thread 0x0000029a2e0d0920 Exception <a 'java/lang/ClassNotFoundException'{0x00000000a313e408}: org/springframework/beans/factory/FactoryBeanCustomizer> (0x00000000a313e408) 
thrown [s\open\src\hotspot\share\classfile\systemDictionary.cpp, line 255]
Event: 6.974 Thread 0x0000029a2e0d0920 Exception <a 'java/lang/ClassNotFoundException'{0x00000000a31451d8}: org/springframework/beans/factory/InitializingBeanCustomizer> (0x00000000a31451d8) 
thrown [s\open\src\hotspot\share\classfile\systemDictionary.cpp, line 255]
Event: 7.073 Thread 0x0000029a2e0d0920 Exception <a 'java/lang/IncompatibleClassChangeError'{0x00000000a2d64748}: Found class java.lang.Object, but interface was expected> (0x00000000a2d64748) 
thrown [s\open\src\hotspot\share\interpreter\linkResolver.cpp, line 833]
Event: 7.212 Thread 0x0000029a2e0d0920 Exception <a 'java/lang/ClassNotFoundException'{0x00000000a3bd9b68}: java/lang/ObjectCustomizer> (0x00000000a3bd9b68) 
thrown [s\open\src\hotspot\share\classfile\systemDictionary.cpp, line 255]
Event: 7.213 Thread 0x0000029a2e0d0920 Exception <a 'java/lang/ClassNotFoundException'{0x00000000a3bdf7b8}: elmteam/cest/rest/api/model/AdministradorCustomizer> (0x00000000a3bdf7b8) 
thrown [s\open\src\hotspot\share\classfile\systemDictionary.cpp, line 255]
Event: 7.249 Thread 0x0000029a2e0d0920 Exception <a 'java/lang/NoSuchMethodError'{0x00000000a3adebd0}: 'int java.lang.invoke.DirectMethodHandle$Holder.invokeVirtual(java.lang.Object, java.lang.Object, java.lang.Object)'> (0x00000000a3adebd0) 
thrown [s\open\src\hotspot\share\interpreter\linkResolver.cpp, line 766]
Event: 7.299 Thread 0x0000029a2e0d0920 Exception <a 'java/lang/IncompatibleClassChangeError'{0x00000000a387eae0}: Found class java.lang.Object, but interface was expected> (0x00000000a387eae0) 
thrown [s\open\src\hotspot\share\interpreter\linkResolver.cpp, line 833]
Event: 7.394 Thread 0x0000029a2e0d0920 Exception <a 'java/lang/ClassNotFoundException'{0x00000000a358e838}: java/lang/ObjectCustomizer> (0x00000000a358e838) 
thrown [s\open\src\hotspot\share\classfile\systemDictionary.cpp, line 255]
Event: 7.395 Thread 0x0000029a2e0d0920 Exception <a 'java/lang/ClassNotFoundException'{0x00000000a3594a08}: org/springframework/web/servlet/config/annotation/WebMvcConfigurationSupportCustomizer> (0x00000000a3594a08) 
thrown [s\open\src\hotspot\share\classfile\systemDictionary.cpp, line 255]
Event: 7.396 Thread 0x0000029a2e0d0920 Exception <a 'java/lang/ClassNotFoundException'{0x00000000a35a7278}: org/springframework/web/servlet/config/annotation/DelegatingWebMvcConfigurationCustomizer> (0x00000000a35a7278) 
thrown [s\open\src\hotspot\share\classfile\systemDictionary.cpp, line 255]
Event: 7.397 Thread 0x0000029a2e0d0920 Exception <a 'java/lang/ClassNotFoundException'{0x00000000a35ae8c8}: org/springframework/boot/autoconfigure/web/servlet/WebMvcAutoConfiguration$EnableWebMvcConfigurationCustomizer> (0x00000000a35ae8c8) 
thrown [s\open\src\hotspot\share\classfile\systemDictionary.cpp, line 255]
Event: 7.398 Thread 0x0000029a2e0d0920 Exception <a 'java/lang/ClassNotFoundException'{0x00000000a35bf058}: org/springframework/context/ResourceLoaderAwareCustomizer> (0x00000000a35bf058) 
thrown [s\open\src\hotspot\share\classfile\systemDictionary.cpp, line 255]
Event: 7.398 Thread 0x0000029a2e0d0920 Exception <a 'java/lang/ClassNotFoundException'{0x00000000a35c26b8}: org/springframework/beans/factory/AwareCustomizer> (0x00000000a35c26b8) 
thrown [s\open\src\hotspot\share\classfile\systemDictionary.cpp, line 255]
Event: 7.398 Thread 0x0000029a2e0d0920 Exception <a 'java/lang/ClassNotFoundException'{0x00000000a35c5078}: org/springframework/context/ApplicationContextAwareCustomizer> (0x00000000a35c5078) 
thrown [s\open\src\hotspot\share\classfile\systemDictionary.cpp, line 255]
Event: 7.399 Thread 0x0000029a2e0d0920 Exception <a 'java/lang/ClassNotFoundException'{0x00000000a35c91b8}: org/springframework/beans/factory/AwareCustomizer> (0x00000000a35c91b8) 
thrown [s\open\src\hotspot\share\classfile\systemDictionary.cpp, line 255]
Event: 7.399 Thread 0x0000029a2e0d0920 Exception <a 'java/lang/ClassNotFoundException'{0x00000000a35cbb50}: org/springframework/web/context/ServletContextAwareCustomizer> (0x00000000a35cbb50) 
thrown [s\open\src\hotspot\share\classfile\systemDictionary.cpp, line 255]
Event: 7.400 Thread 0x0000029a2e0d0920 Exception <a 'java/lang/ClassNotFoundException'{0x00000000a35cf5e8}: org/springframework/beans/factory/AwareCustomizer> (0x00000000a35cf5e8) 
thrown [s\open\src\hotspot\share\classfile\systemDictionary.cpp, line 255]
Event: 7.402 Thread 0x0000029a2e0d0920 Exception <a 'java/lang/NoSuchMethodError'{0x00000000a35e2dd0}: 'java.lang.Object java.lang.invoke.DirectMethodHandle$Holder.newInvokeSpecial(java.lang.Object, java.lang.Object, java.lang.Object, java.lang.Object, java.lang.Object, java.lang.Object, java.lang.Object, java.lang.Object)'> (0x00000000a35e2dd0) 
thrown [s\open\src\hotspot\share\interpreter\linkResolver.cpp, line 766]
Event: 7.402 Thread 0x0000029a2e0d0920 Exception <a 'java/lang/NoSuchMethodError'{0x00000000a35e8190}: 'java.lang.Object java.lang.invoke.DirectMethodHandle$Holder.invokeSpecial(java.lang.Object, java.lang.Object, java.lang.Object, java.lang.Object, java.lang.Object, java.lang.Object, java.lang.Object, java.lang.Object, java.lang.Object)'> (0x00000000a35e8190) 
thrown [s\open\src\hotspot\share\interpreter\linkResolver.cpp, line 766]
Event: 7.619 Thread 0x0000029a2e0d0920 Exception <a 'java/lang/NoSuchMethodError'{0x00000000a2e81bf0}: 'void java.lang.invoke.DirectMethodHandle$Holder.invokeVirtual(java.lang.Object, java.lang.Object, long)'> (0x00000000a2e81bf0) 
thrown [s\open\src\hotspot\share\interpreter\linkResolver.cpp, line 766]

VM Operations (20 events):
Event: 5.975 Executing VM operation: G1Concurrent
Event: 5.977 Executing VM operation: G1Concurrent done
Event: 5.983 Executing VM operation: G1Concurrent
Event: 5.983 Executing VM operation: G1Concurrent done
Event: 6.570 Executing VM operation: G1CollectForAllocation
Event: 6.575 Executing VM operation: G1CollectForAllocation done
Event: 6.940 Executing VM operation: HandshakeAllThreads
Event: 6.940 Executing VM operation: HandshakeAllThreads done
Event: 7.141 Executing VM operation: G1CollectForAllocation
Event: 7.145 Executing VM operation: G1CollectForAllocation done
Event: 7.318 Executing VM operation: HandshakeAllThreads
Event: 7.318 Executing VM operation: HandshakeAllThreads done
Event: 7.319 Executing VM operation: HandshakeAllThreads
Event: 7.319 Executing VM operation: HandshakeAllThreads done
Event: 7.495 Executing VM operation: HandshakeAllThreads
Event: 7.495 Executing VM operation: HandshakeAllThreads done
Event: 7.648 Executing VM operation: HandshakeAllThreads
Event: 7.648 Executing VM operation: HandshakeAllThreads done
Event: 7.677 Executing VM operation: G1CollectForAllocation
Event: 7.684 Executing VM operation: G1CollectForAllocation done

Events (20 events):
Event: 0.205 Loaded shared library C:\Program Files\Java\jdk-18.0.1\bin\nio.dll
Event: 0.210 Loaded shared library C:\Program Files\Java\jdk-18.0.1\bin\zip.dll
Event: 0.348 Loaded shared library C:\Program Files\JetBrains\IntelliJ IDEA Community Edition 2022.2.1\bin\breakgen64.dll
Event: 0.349 Thread 0x0000029a4f60db70 Thread added: 0x0000029a4f60db70
Event: 0.349 Thread 0x0000029a4f60e030 Thread added: 0x0000029a4f60e030
Event: 0.402 Loaded shared library C:\Program Files\Java\jdk-18.0.1\bin\verify.dll
Event: 0.409 Loaded shared library C:\Program Files\Java\jdk-18.0.1\bin\jimage.dll
Event: 1.423 Loaded shared library C:\Program Files\Java\jdk-18.0.1\bin\management.dll
Event: 1.434 Loaded shared library C:\Program Files\Java\jdk-18.0.1\bin\management_ext.dll
Event: 1.603 Thread 0x0000029a5006c810 Thread added: 0x0000029a5006c810
Event: 2.133 Thread 0x0000029a5006c810 Thread exited: 0x0000029a5006c810
Event: 2.208 Thread 0x0000029a502d2450 Thread added: 0x0000029a502d2450
Event: 2.238 Thread 0x0000029a502d2450 Thread exited: 0x0000029a502d2450
Event: 4.354 Loaded shared library C:\Program Files\Java\jdk-18.0.1\bin\sunmscapi.dll
Event: 4.545 Thread 0x0000029a5073a040 Thread added: 0x0000029a5073a040
Event: 4.546 Thread 0x0000029a50f77440 Thread added: 0x0000029a50f77440
Event: 4.558 Thread 0x0000029a50ebecb0 Thread added: 0x0000029a50ebecb0
Event: 4.598 Thread 0x0000029a50570de0 Thread added: 0x0000029a50570de0
Event: 5.908 Thread 0x0000029a4fad3520 Thread added: 0x0000029a4fad3520
Event: 6.011 Thread 0x0000029a4fad5200 Thread added: 0x0000029a4fad5200


Dynamic libraries:
0x00007ff6e4a70000 - 0x00007ff6e4a80000 	C:\Program Files\Java\jdk-18.0.1\bin\java.exe
0x00007ffbe1550000 - 0x00007ffbe1745000 	C:\WINDOWS\SYSTEM32\ntdll.dll
0x00007ffbe00b0000 - 0x00007ffbe016d000 	C:\WINDOWS\System32\KERNEL32.DLL
0x00007ffbdee20000 - 0x00007ffbdf0ed000 	C:\WINDOWS\System32\KERNELBASE.dll
0x00007ffbdec60000 - 0x00007ffbded60000 	C:\WINDOWS\System32\ucrtbase.dll
0x00007ffbdb7c0000 - 0x00007ffbdb7d8000 	C:\Program Files\Java\jdk-18.0.1\bin\jli.dll
0x00007ffbca7e0000 - 0x00007ffbca7fa000 	C:\Program Files\Java\jdk-18.0.1\bin\VCRUNTIME140.dll
0x00007ffbe0660000 - 0x00007ffbe070e000 	C:\WINDOWS\System32\ADVAPI32.dll
0x00007ffbe0560000 - 0x00007ffbe05fe000 	C:\WINDOWS\System32\msvcrt.dll
0x00007ffbe0010000 - 0x00007ffbe00ac000 	C:\WINDOWS\System32\sechost.dll
0x00007ffbdf680000 - 0x00007ffbdf7a5000 	C:\WINDOWS\System32\RPCRT4.dll
0x00007ffbe0210000 - 0x00007ffbe03b0000 	C:\WINDOWS\System32\USER32.dll
0x00007ffbdedf0000 - 0x00007ffbdee12000 	C:\WINDOWS\System32\win32u.dll
0x00007ffbcd280000 - 0x00007ffbcd51a000 	C:\WINDOWS\WinSxS\amd64_microsoft.windows.common-controls_6595b64144ccf1df_6.0.19041.1110_none_60b5254171f9507e\COMCTL32.dll
0x00007ffbe0de0000 - 0x00007ffbe0e0a000 	C:\WINDOWS\System32\GDI32.dll
0x00007ffbdf490000 - 0x00007ffbdf59b000 	C:\WINDOWS\System32\gdi32full.dll
0x00007ffbdf370000 - 0x00007ffbdf40d000 	C:\WINDOWS\System32\msvcp_win.dll
0x00007ffbd62c0000 - 0x00007ffbd62ca000 	C:\WINDOWS\SYSTEM32\VERSION.dll
0x00007ffbe0170000 - 0x00007ffbe01a0000 	C:\WINDOWS\System32\IMM32.DLL
0x00007ffbdb6d0000 - 0x00007ffbdb6dc000 	C:\Program Files\Java\jdk-18.0.1\bin\vcruntime140_1.dll
0x00007ffba98a0000 - 0x00007ffba992d000 	C:\Program Files\Java\jdk-18.0.1\bin\msvcp140.dll
0x00007ffb8d800000 - 0x00007ffb8e410000 	C:\Program Files\Java\jdk-18.0.1\bin\server\jvm.dll
0x00007ffbdf5b0000 - 0x00007ffbdf5b8000 	C:\WINDOWS\System32\PSAPI.DLL
0x00007ffbd3f10000 - 0x00007ffbd3f37000 	C:\WINDOWS\SYSTEM32\WINMM.dll
0x00007ffbd9510000 - 0x00007ffbd9519000 	C:\WINDOWS\SYSTEM32\WSOCK32.dll
0x00007ffbe01a0000 - 0x00007ffbe020b000 	C:\WINDOWS\System32\WS2_32.dll
0x00007ffbdd4f0000 - 0x00007ffbdd502000 	C:\WINDOWS\SYSTEM32\kernel.appcore.dll
0x00007ffbd9930000 - 0x00007ffbd993a000 	C:\Program Files\Java\jdk-18.0.1\bin\jimage.dll
0x00007ffbdd2e0000 - 0x00007ffbdd4c4000 	C:\WINDOWS\SYSTEM32\DBGHELP.DLL
0x00007ffbca190000 - 0x00007ffbca1bc000 	C:\WINDOWS\SYSTEM32\dbgcore.DLL
0x00007ffbded60000 - 0x00007ffbdede2000 	C:\WINDOWS\System32\bcryptPrimitives.dll
0x00007ffbdb860000 - 0x00007ffbdb86e000 	C:\Program Files\Java\jdk-18.0.1\bin\instrument.dll
0x00007ffbc3740000 - 0x00007ffbc3765000 	C:\Program Files\Java\jdk-18.0.1\bin\java.dll
0x00007ffba8410000 - 0x00007ffba84e6000 	C:\Program Files\Java\jdk-18.0.1\bin\jsvml.dll
0x00007ffbdf8c0000 - 0x00007ffbe0004000 	C:\WINDOWS\System32\SHELL32.dll
0x00007ffbdcb40000 - 0x00007ffbdd2d4000 	C:\WINDOWS\SYSTEM32\windows.storage.dll
0x00007ffbe07f0000 - 0x00007ffbe0b44000 	C:\WINDOWS\System32\combase.dll
0x00007ffbde650000 - 0x00007ffbde67c000 	C:\WINDOWS\SYSTEM32\Wldp.dll
0x00007ffbdf810000 - 0x00007ffbdf8bd000 	C:\WINDOWS\System32\SHCORE.dll
0x00007ffbdf620000 - 0x00007ffbdf675000 	C:\WINDOWS\System32\shlwapi.dll
0x00007ffbdeba0000 - 0x00007ffbdebbf000 	C:\WINDOWS\SYSTEM32\profapi.dll
0x00007ffbbc3c0000 - 0x00007ffbbc3d8000 	C:\Program Files\Java\jdk-18.0.1\bin\zip.dll
0x00007ffbc3320000 - 0x00007ffbc3333000 	C:\Program Files\Java\jdk-18.0.1\bin\net.dll
0x00007ffbd01f0000 - 0x00007ffbd02fa000 	C:\WINDOWS\SYSTEM32\WINHTTP.dll
0x00007ffbde350000 - 0x00007ffbde3ba000 	C:\WINDOWS\system32\mswsock.dll
0x00007ffbc32d0000 - 0x00007ffbc32e6000 	C:\Program Files\Java\jdk-18.0.1\bin\nio.dll
0x00007ffbd91e0000 - 0x00007ffbd91fa000 	C:\Program Files\JetBrains\IntelliJ IDEA Community Edition 2022.2.1\bin\breakgen64.dll
0x00007ffbd8aa0000 - 0x00007ffbd8ab0000 	C:\Program Files\Java\jdk-18.0.1\bin\verify.dll
0x00007ffbdb850000 - 0x00007ffbdb859000 	C:\Program Files\Java\jdk-18.0.1\bin\management.dll
0x00007ffbdb840000 - 0x00007ffbdb84b000 	C:\Program Files\Java\jdk-18.0.1\bin\management_ext.dll
0x00007ffb90350000 - 0x00007ffb90367000 	C:\WINDOWS\system32\napinsp.dll
0x00007ffb90330000 - 0x00007ffb9034b000 	C:\WINDOWS\system32\pnrpnsp.dll
0x00007ffbd9900000 - 0x00007ffbd9915000 	C:\WINDOWS\system32\wshbth.dll
0x00007ffbda3d0000 - 0x00007ffbda3ed000 	C:\WINDOWS\system32\NLAapi.dll
0x00007ffbde040000 - 0x00007ffbde07b000 	C:\WINDOWS\SYSTEM32\IPHLPAPI.DLL
0x00007ffbde080000 - 0x00007ffbde14b000 	C:\WINDOWS\SYSTEM32\DNSAPI.dll
0x00007ffbdf5a0000 - 0x00007ffbdf5a8000 	C:\WINDOWS\System32\NSI.dll
0x00007ffb90310000 - 0x00007ffb90322000 	C:\WINDOWS\System32\winrnr.dll
0x00007ffbd6c70000 - 0x00007ffbd6c7a000 	C:\Windows\System32\rasadhlp.dll
0x00007ffbcfc40000 - 0x00007ffbcfcc0000 	C:\WINDOWS\System32\fwpuclnt.dll
0x00007ffbdf410000 - 0x00007ffbdf437000 	C:\WINDOWS\System32\bcrypt.dll
0x00007ffbde540000 - 0x00007ffbde558000 	C:\WINDOWS\SYSTEM32\CRYPTSP.dll
0x00007ffbddcd0000 - 0x00007ffbddd04000 	C:\WINDOWS\system32\rsaenh.dll
0x00007ffbdeb20000 - 0x00007ffbdeb4e000 	C:\WINDOWS\SYSTEM32\USERENV.dll
0x00007ffbde560000 - 0x00007ffbde56c000 	C:\WINDOWS\SYSTEM32\CRYPTBASE.dll
0x00007ffbd6330000 - 0x00007ffbd6347000 	C:\WINDOWS\SYSTEM32\dhcpcsvc6.DLL
0x00007ffbd6310000 - 0x00007ffbd632d000 	C:\WINDOWS\SYSTEM32\dhcpcsvc.DLL
0x00007ffbdb7e0000 - 0x00007ffbdb7ee000 	C:\Program Files\Java\jdk-18.0.1\bin\sunmscapi.dll
0x00007ffbdf210000 - 0x00007ffbdf366000 	C:\WINDOWS\System32\CRYPT32.dll
0x00007ffbde6c0000 - 0x00007ffbde6e7000 	C:\WINDOWS\SYSTEM32\ncrypt.dll
0x00007ffbde680000 - 0x00007ffbde6bb000 	C:\WINDOWS\SYSTEM32\NTASN1.dll

dbghelp: loaded successfully - version: 4.0.5 - missing functions: none
symbol engine: initialized successfully - sym options: 0x614 - pdb path: .;C:\Program Files\Java\jdk-18.0.1\bin;C:\WINDOWS\SYSTEM32;C:\WINDOWS\WinSxS\amd64_microsoft.windows.common-controls_6595b64144ccf1df_6.0.19041.1110_none_60b5254171f9507e;C:\Program Files\Java\jdk-18.0.1\bin\server;C:\Program Files\JetBrains\IntelliJ IDEA Community Edition 2022.2.1\bin

VM Arguments:
jvm_args: -javaagent:C:\Program Files\JetBrains\IntelliJ IDEA Community Edition 2022.2.1\lib\idea_rt.jar=59302:C:\Program Files\JetBrains\IntelliJ IDEA Community Edition 2022.2.1\bin -Dfile.encoding=UTF-8 -Dsun.stdout.encoding=UTF-8 -Dsun.stderr.encoding=UTF-8 
java_command: elmteam.cest.rest.api.CestApplication
java_class_path (initial): D:\Faculdade\cest\target\classes;C:\Users\brendon\.m2\repository\org\springframework\boot\spring-boot-starter-data-jpa\2.7.5\spring-boot-starter-data-jpa-2.7.5.jar;C:\Users\brendon\.m2\repository\org\springframework\boot\spring-boot-starter-aop\2.7.5\spring-boot-starter-aop-2.7.5.jar;C:\Users\brendon\.m2\repository\org\springframework\spring-aop\5.3.23\spring-aop-5.3.23.jar;C:\Users\brendon\.m2\repository\org\aspectj\aspectjweaver\1.9.7\aspectjweaver-1.9.7.jar;C:\Users\brendon\.m2\repository\org\springframework\boot\spring-boot-starter-jdbc\2.7.5\spring-boot-starter-jdbc-2.7.5.jar;C:\Users\brendon\.m2\repository\com\zaxxer\HikariCP\4.0.3\HikariCP-4.0.3.jar;C:\Users\brendon\.m2\repository\org\springframework\spring-jdbc\5.3.23\spring-jdbc-5.3.23.jar;C:\Users\brendon\.m2\repository\jakarta\transaction\jakarta.transaction-api\1.3.3\jakarta.transaction-api-1.3.3.jar;C:\Users\brendon\.m2\repository\jakarta\persistence\jakarta.persistence-api\2.2.3\jakarta.persistence-api-2.2.3.jar;C:\Users\brendon\.m2\repository\org\hibernate\hibernate-core\5.6.12.Final\hibernate-core-5.6.12.Final.jar;C:\Users\brendon\.m2\repository\org\jboss\logging\jboss-logging\3.4.3.Final\jboss-logging-3.4.3.Final.jar;C:\Users\brendon\.m2\repository\net\bytebuddy\byte-buddy\1.12.18\byte-buddy-1.12.18.jar;C:\Users\brendon\.m2\repository\antlr\antlr\2.7.7\antlr-2.7.7.jar;C:\Users\brendon\.m2\repository\org\jboss\jandex\2.4.2.Final\jandex-2.4.2.Final.jar;C:\Users\brendon\.m2\repository\com\fasterxml\classmate\1.5.1\classmate-1.5.1.jar;C:\Users\brendon\.m2\repository\org\hibernate\common\hibernate-commons-annotations\5.1.2.Final\hibernate-commons-annotations-5.1.2.Final.jar;C:\Users\brendon\.m2\repository\org\glassfish\jaxb\jaxb-runtime\2.3.7\jaxb-runtime-2.3.7.jar;C:\Users\brendon\.m2\repository\org\glassfish\jaxb\txw2\2.3.7\txw2-2.3.7.jar;C:\Users\brendon\.m2\repository\com\sun\istack\istack-commons-runtime\3.0.12\istack-commons-runtime-3.0.12.jar;C:\Users\brendon\.m2\repository\com\sun\activation\jakarta.activation\1.2.2\jakarta.activation-1.2.2.jar;C:\Users\brendon\.m2\repository\org\springframework\data\spring-data-jpa\2.7.5\spring-data-jpa-2.7.5.jar;C:\Users\brendon\.m2\repository\org\springframework\data\spring-data-commons\2.7.5\spring-data-commons-2.7.5.jar;C:\Users\brendon\.m2\repository\org\springframework\spring-orm\5.3.23\spring-orm-5.3.23.jar;C:\Users\brendon\.m2\repository\org\springframework\spring-context\5.3.23\spring-context-5.3.23.jar;C:\Users\brendon\.m2\repository\org\springframework\spring-tx\5.3.23\spring-tx-5.3.23.jar;C:\Users\brendon\.m2\repository\org\springframework\spring-beans\5.3.23\spring-beans-5.3.23.jar;C:\Users\brendon\.m2\repository\org\slf4j\slf4j-api\1.7.36\slf4j-api-1.7.36.jar;C:\Users\brendon\.m2\repository\org\springframework\spring-aspects\5.3.23\spring-aspects-5.3.23.jar;C:\Users\brendon\.m2\repository\org\springframework\boot\spring-boot-starter-thymeleaf\2.7.5\spring-boot-starter-thymeleaf-2.7.5.jar;C:\Users\brendon\.m2\repository\org\springframework\boot\spring-boot-starter\2.7.5\spring-boot-starter-2.7.5.jar;C:\Users\brendon\.m2\repository\org\springframework\boot\spring-boot\2.7.5\spring-boot-2.7.5.jar;C:\Users\brendon\.m2\repository\org\springframework\boot\spring-boot-autoconfigure\2.7.5\spring-boot-autoconfigure-2.7.5.jar;C:\Users\brendon\.m2\repository\org\springframework\boot\spring-boot-starter-logging\2.7.5\spring-boot-starter-logging-2.7.5.jar;C:\Users\brendon\.m2\repository\ch\qos\logback\logback-classic\1.2.11\logback-classic-1.2.11.jar;C:\Users\brendon\.m2\repository\ch\qos\logback\logback-core\1.2.11\logback-core-1.2.11.jar;C:\Users\brendon\.m2\repository\org\apache\logging\log4j\log4j-to-slf4j\2.17.2\log4j-to-slf4j-2.17.2.jar;C:\Users\brendon\.m2\repository\org\apache\logging\log4j\log4j-api\2.17.2\log4j-api-2.17.2.jar;C:\Users\brendon\.m2\repository\org\slf4j\jul-to-slf4j\1.7.36\jul-to-slf4j-1.7.36.jar;C:\Users\brendon\.m2\repository\jakarta\annotation\jakarta.annotation-api\1.3.5\jakarta.annotation-api-1.3.5.jar;C:\Users\brendon\.m2\repository\org\yaml\snakeyaml\1.30\snakeyaml-1.30.jar;C:\Users\brendon\.m2\repository\org\thymeleaf\thymeleaf-spring5\3.0.15.RELEASE\thymeleaf-spring5-3.0.15.RELEASE.jar;C:\Users\brendon\.m2\repository\org\thymeleaf\thymeleaf\3.0.15.RELEASE\thymeleaf-3.0.15.RELEASE.jar;C:\Users\brendon\.m2\repository\org\attoparser\attoparser\2.0.5.RELEASE\attoparser-2.0.5.RELEASE.jar;C:\Users\brendon\.m2\repository\org\unbescape\unbescape\1.1.6.RELEASE\unbescape-1.1.6.RELEASE.jar;C:\Users\brendon\.m2\repository\org\thymeleaf\extras\thymeleaf-extras-java8time\3.0.4.RELEASE\thymeleaf-extras-java8time-3.0.4.RELEASE.jar;C:\Users\brendon\.m2\repository\org\springframework\boot\spring-boot-starter-web\2.7.5\spring-boot-starter-web-2.7.5.jar;C:\Users\brendon\.m2\repository\org\springframework\boot\spring-boot-starter-json\2.7.5\spring-boot-starter-json-2.7.5.jar;C:\Users\brendon\.m2\repository\com\fasterxml\jackson\core\jackson-databind\2.13.4.2\jackson-databind-2.13.4.2.jar;C:\Users\brendon\.m2\repository\com\fasterxml\jackson\core\jackson-annotations\2.13.4\jackson-annotations-2.13.4.jar;C:\Users\brendon\.m2\repository\com\fasterxml\jackson\core\jackson-core\2.13.4\jackson-core-2.13.4.jar;C:\Users\brendon\.m2\repository\com\fasterxml\jackson\datatype\jackson-datatype-jdk8\2.13.4\jackson-datatype-jdk8-2.13.4.jar;C:\Users\brendon\.m2\repository\com\fasterxml\jackson\datatype\jackson-datatype-jsr310\2.13.4\jackson-datatype-jsr310-2.13.4.jar;C:\Users\brendon\.m2\repository\com\fasterxml\jackson\module\jackson-module-parameter-names\2.13.4\jackson-module-parameter-names-2.13.4.jar;C:\Users\brendon\.m2\repository\org\springframework\boot\spring-boot-starter-tomcat\2.7.5\spring-boot-starter-tomcat-2.7.5.jar;C:\Users\brendon\.m2\repository\org\apache\tomcat\embed\tomcat-embed-core\9.0.68\tomcat-embed-core-9.0.68.jar;C:\Users\brendon\.m2\repository\org\apache\tomcat\embed\tomcat-embed-el\9.0.68\tomcat-embed-el-9.0.68.jar;C:\Users\brendon\.m2\repository\org\apache\tomcat\embed\tomcat-embed-websocket\9.0.68\tomcat-embed-websocket-9.0.68.jar;C:\Users\brendon\.m2\repository\org\springframework\spring-web\5.3.23\spring-web-5.3.23.jar;C:\Users\brendon\.m2\repository\org\springframework\spring-webmvc\5.3.23\spring-webmvc-5.3.23.jar;C:\Users\brendon\.m2\repository\org\springframework\spring-expression\5.3.23\spring-expression-5.3.23.jar;C:\Users\brendon\.m2\repository\com\mysql\mysql-connector-j\8.0.31\mysql-connector-j-8.0.31.jar;C:\Users\brendon\.m2\repository\jakarta\xml\bind\jakarta.xml.bind-api\2.3.3\jakarta.xml.bind-api-2.3.3.jar;C:\Users\brendon\.m2\repository\jakarta\activation\jakarta.activation-api\1.2.2\jakarta.activation-api-1.2.2.jar;C:\Users\brendon\.m2\repository\org\springframework\spring-core\5.3.23\spring-core-5.3.23.jar;C:\Users\brendon\.m2\repository\org\springframework\spring-jcl\5.3.23\spring-jcl-5.3.23.jar
Launcher Type: SUN_STANDARD

[Global flags]
     intx CICompilerCount                          = 4                                         {product} {ergonomic}
     uint ConcGCThreads                            = 2                                         {product} {ergonomic}
     uint G1ConcRefinementThreads                  = 8                                         {product} {ergonomic}
   size_t G1HeapRegionSize                         = 1048576                                   {product} {ergonomic}
    uintx GCDrainStackTargetSize                   = 64                                        {product} {ergonomic}
   size_t InitialHeapSize                          = 100663296                                 {product} {ergonomic}
   size_t MarkStackSize                            = 4194304                                   {product} {ergonomic}
   size_t MaxHeapSize                              = 1595932672                                {product} {ergonomic}
   size_t MaxNewSize                               = 957349888                                 {product} {ergonomic}
   size_t MinHeapDeltaBytes                        = 1048576                                   {product} {ergonomic}
   size_t MinHeapSize                              = 8388608                                   {product} {ergonomic}
    uintx NonNMethodCodeHeapSize                   = 5839372                                {pd product} {ergonomic}
    uintx NonProfiledCodeHeapSize                  = 122909434                              {pd product} {ergonomic}
    uintx ProfiledCodeHeapSize                     = 122909434                              {pd product} {ergonomic}
    uintx ReservedCodeCacheSize                    = 251658240                              {pd product} {ergonomic}
     bool SegmentedCodeCache                       = true                                      {product} {ergonomic}
   size_t SoftMaxHeapSize                          = 1595932672                             {manageable} {ergonomic}
     bool UseCompressedClassPointers               = true                           {product lp64_product} {ergonomic}
     bool UseCompressedOops                        = true                           {product lp64_product} {ergonomic}
     bool UseG1GC                                  = true                                      {product} {ergonomic}
     bool UseLargePagesIndividualAllocation        = false                                  {pd product} {ergonomic}

Logging:
Log output configuration:
 #0: stdout all=warning uptime,level,tags foldmultilines=false
 #1: stderr all=off uptime,level,tags foldmultilines=false

Environment Variables:
PATH=C:\Program Files (x86)\Common Files\Intel\Shared Libraries\redist\intel64_win\compiler;C:\Program Files (x86)\Common Files\Intel\Shared Libraries\redist\intel64\compiler;C:\Program Files\Common Files\Oracle\Java\javapath;C:\Program Files (x86)\Common Files\Oracle\Java\javapath;C:\WINDOWS\system32;C:\WINDOWS;C:\WINDOWS\System32\Wbem;C:\WINDOWS\System32\WindowsPowerShell\v1.0\;C:\WINDOWS\System32\OpenSSH\;C:\Program Files\dotnet\;C:\Program Files\PuTTY\;C:\Program Files\Git\cmd;C:\xampp\mysql\bin;;C:\Program Files\Microsoft VS Code\bin;C:\Users\brendon\AppData\Local\Microsoft\WindowsApps;C:\Users\brendon\AppData\Local\Programs\Microsoft VS Code\bin;C:\Users\brendon\AppData\Local\GitHubDesktop\bin;C:\Program Files\JetBrains\IntelliJ IDEA Community Edition 2022.2.1\bin;
USERNAME=brendon
OS=Windows_NT
PROCESSOR_IDENTIFIER=AMD64 Family 23 Model 24 Stepping 1, AuthenticAMD



---------------  S Y S T E M  ---------------

OS:
 Windows 10 , 64 bit Build 19041 (10.0.19041.1706)
OS uptime: 26 days 16:55 hours

CPU: total 8 (initial active 8) (8 cores per cpu, 2 threads per core) family 23 model 24 stepping 1 microcode 0x0, cx8, cmov, fxsr, ht, mmx, 3dnowpref, sse, sse2, sse3, ssse3, sse4a, sse4.1, sse4.2, popcnt, lzcnt, tsc, tscinvbit, avx, avx2, aes, clmul, bmi1, bmi2, adx, sha, fma, vzeroupper, clflush, clflushopt

Memory: 4k page, system-wide physical 6081M (155M free)
TotalPageFile size 24513M (AvailPageFile size 3M)
current process WorkingSet (physical memory assigned to process): 185M, peak: 186M
current process commit charge ("private bytes"): 224M, peak: 227M

vm_info: Java HotSpot(TM) 64-Bit Server VM (18.0.1+10-24) for windows-amd64 JRE (18.0.1+10-24), built on Mar  9 2022 22:41:56 by "mach5one" with MS VC++ 16.8 / 16.9 (VS2019)

END.
